<?xml version="1.0" encoding="UTF-8"?>
<!-- Generated by org.testng.reporters.JUnitReportReporter -->
<testsuite skipped="0" hostname="DESKTOP-APDTSJN" name="sms.SendSMS.ValidateSendSmsTest" tests="2" failures="0" timestamp="2021-07-31T11:41:01 IST" time="2.356" errors="0">
  <testcase name="validateSmsResponseStatusCode" time="1.319" classname="sms.SendSMS.ValidateSendSmsTest"/>
  <system-out/>
  <testcase name="validateSmsResponseMessage" time="1.037" classname="sms.SendSMS.ValidateSendSmsTest"/>
  <system-out/>
</testsuite> <!-- sms.SendSMS.ValidateSendSmsTest -->
