<?xml version="1.0" encoding="UTF-8"?>
<!-- Generated by org.testng.reporters.JUnitReportReporter -->
<testsuite skipped="0" hostname="DESKTOP-APDTSJN" name="sms.ValidateSendSmsTest" tests="2" failures="0" timestamp="2021-07-29T23:49:12 IST" time="4.311" errors="0">
  <testcase name="validateSmsResponseBody" time="2.170" classname="sms.ValidateSendSmsTest"/>
  <system-out/>
  <testcase name="validateSmsResponseCode" time="2.141" classname="sms.ValidateSendSmsTest"/>
  <system-out/>
</testsuite> <!-- sms.ValidateSendSmsTest -->
